{"/Users/pierre/Documents/Openclassrooms/Projet 14/react-hrnet/src/utils/date.js": {"path":"/Users/pierre/Documents/Openclassrooms/Projet 14/react-hrnet/src/utils/date.js","all":false,"statementMap":{"0":{"start":{"line":1,"column":0},"end":{"line":1,"column":28}},"1":{"start":{"line":2,"column":0},"end":{"line":2,"column":0}},"2":{"start":{"line":3,"column":0},"end":{"line":3,"column":3}},"3":{"start":{"line":4,"column":0},"end":{"line":4,"column":23}},"4":{"start":{"line":5,"column":0},"end":{"line":5,"column":3}},"5":{"start":{"line":6,"column":0},"end":{"line":6,"column":63}},"6":{"start":{"line":7,"column":0},"end":{"line":7,"column":77}},"7":{"start":{"line":8,"column":0},"end":{"line":8,"column":3}},"8":{"start":{"line":9,"column":0},"end":{"line":9,"column":43}},"9":{"start":{"line":10,"column":0},"end":{"line":10,"column":49}},"10":{"start":{"line":11,"column":0},"end":{"line":11,"column":1}},"11":{"start":{"line":12,"column":0},"end":{"line":12,"column":0}},"12":{"start":{"line":13,"column":0},"end":{"line":13,"column":3}},"13":{"start":{"line":14,"column":0},"end":{"line":14,"column":47}},"14":{"start":{"line":15,"column":0},"end":{"line":15,"column":3}},"15":{"start":{"line":16,"column":0},"end":{"line":16,"column":77}},"16":{"start":{"line":17,"column":0},"end":{"line":17,"column":63}},"17":{"start":{"line":18,"column":0},"end":{"line":18,"column":3}},"18":{"start":{"line":19,"column":0},"end":{"line":19,"column":47}},"19":{"start":{"line":20,"column":0},"end":{"line":20,"column":47}},"20":{"start":{"line":21,"column":0},"end":{"line":21,"column":1}}},"s":{"0":1,"1":1,"2":1,"3":1,"4":1,"5":1,"6":1,"7":1,"8":1,"9":1,"10":1,"11":1,"12":1,"13":1,"14":1,"15":1,"16":1,"17":1,"18":1,"19":1,"20":1},"branchMap":{"0":{"type":"branch","line":9,"loc":{"start":{"line":9,"column":32},"end":{"line":11,"column":1}},"locations":[{"start":{"line":9,"column":32},"end":{"line":11,"column":1}}]},"1":{"type":"branch","line":19,"loc":{"start":{"line":19,"column":36},"end":{"line":21,"column":1}},"locations":[{"start":{"line":19,"column":36},"end":{"line":21,"column":1}}]}},"b":{"0":[1],"1":[1]},"fnMap":{"0":{"name":"getISODateFormat","decl":{"start":{"line":9,"column":32},"end":{"line":11,"column":1}},"loc":{"start":{"line":9,"column":32},"end":{"line":11,"column":1}},"line":9},"1":{"name":"getHumanReadableDate","decl":{"start":{"line":19,"column":36},"end":{"line":21,"column":1}},"loc":{"start":{"line":19,"column":36},"end":{"line":21,"column":1}},"line":19}},"f":{"0":1,"1":1}}
}
